Started by user admin
Connecting to https://api.github.com with no credentials, anonymous access
Jenkins-Imposed API Limiter: Current quota for Github API usage has 52 remaining (1 over budget). Next quota of 60 in 58 min. Sleeping for 3 min 53 sec.
Jenkins is attempting to evenly distribute GitHub API requests. To configure a different rate limiting strategy, such as having Jenkins restrict GitHub API requests only when near or above the GitHub rate limit, go to "GitHub API usage" under "Configure System" in the Jenkins settings.
Jenkins-Imposed API Limiter: Still sleeping, now only 50 sec remaining.
Obtained lesson26/Jenkinsfile from 359fe6a8bd269383fb54b0d78ca9fff5ba6cfc25
[Pipeline] Start of Pipeline
[Pipeline] node
Running on maven in /home/jenkins/workspace/multi-build_PR-26
[Pipeline] {
[Pipeline] stage
[Pipeline] { (Declarative: Checkout SCM)
[Pipeline] checkout
The recommended git tool is: NONE
No credentials specified
Fetching changes from the remote Git repository
Fetching without tags
Checking out Revision 359fe6a8bd269383fb54b0d78ca9fff5ba6cfc25 (PR-26)
Commit message: "Update AppTest.java"
 > git rev-parse --resolve-git-dir /home/jenkins/workspace/multi-build_PR-26/.git # timeout=10
 > git config remote.origin.url https://github.com/Yuhi1314/codeby-devops.git # timeout=10
Fetching upstream changes from https://github.com/Yuhi1314/codeby-devops.git
 > git --version # timeout=10
 > git --version # 'git version 2.43.0'
 > git fetch --no-tags --force --progress -- https://github.com/Yuhi1314/codeby-devops.git +refs/pull/26/head:refs/remotes/origin/PR-26 # timeout=10
 > git config core.sparsecheckout # timeout=10
 > git checkout -f 359fe6a8bd269383fb54b0d78ca9fff5ba6cfc25 # timeout=10
 > git rev-list --no-walk ff2ab0c318450c95c0607132b25f4d67336a4077 # timeout=10
[Pipeline] }
[Pipeline] // stage
[Pipeline] withEnv
[Pipeline] {
[Pipeline] tool
[Pipeline] withEnv
[Pipeline] {
[Pipeline] stage
[Pipeline] { (checkout)
[Pipeline] echo
Checking out code
[Pipeline] git
The recommended git tool is: NONE
No credentials specified
Fetching changes from the remote Git repository
Checking out Revision 359fe6a8bd269383fb54b0d78ca9fff5ba6cfc25 (refs/remotes/origin/lesson26)
Commit message: "Update AppTest.java"
[Pipeline] }
[Pipeline] // stage
[Pipeline] stage
[Pipeline] { (Build and Test App1)
[Pipeline] parallel
[Pipeline] { (Branch: Build App1)
[Pipeline] { (Branch: Test App1)
[Pipeline] stage
[Pipeline] { (Build App1)
[Pipeline] stage
[Pipeline] { (Test App1)
[Pipeline] dir
Running in /home/jenkins/workspace/multi-build_PR-26/lesson26/app_jenkins
[Pipeline] {
[Pipeline] dir
Running in /home/jenkins/workspace/multi-build_PR-26/lesson26/app_jenkins
[Pipeline] {
[Pipeline] sh
[Pipeline] sh
 > git rev-parse --resolve-git-dir /home/jenkins/workspace/multi-build_PR-26/.git # timeout=10
 > git config remote.origin.url https://github.com/Yuhi1314/codeby-devops.git # timeout=10
Fetching upstream changes from https://github.com/Yuhi1314/codeby-devops.git
 > git --version # timeout=10
 > git --version # 'git version 2.43.0'
 > git fetch --tags --force --progress -- https://github.com/Yuhi1314/codeby-devops.git +refs/heads/*:refs/remotes/origin/* # timeout=10
 > git rev-parse refs/remotes/origin/lesson26^{commit} # timeout=10
 > git config core.sparsecheckout # timeout=10
 > git checkout -f 359fe6a8bd269383fb54b0d78ca9fff5ba6cfc25 # timeout=10
 > git branch -a -v --no-abbrev # timeout=10
 > git branch -D lesson26 # timeout=10
 > git checkout -b lesson26 359fe6a8bd269383fb54b0d78ca9fff5ba6cfc25 # timeout=10
+ mvn -B -DskipTests clean package
+ mvn test
[INFO] Scanning for projects...
[INFO] 
[INFO] ----------------------< com.mycompany.app:my-app >----------------------
[INFO] Building my-app 1.0-SNAPSHOT
[INFO]   from pom.xml
[INFO] --------------------------------[ jar ]---------------------------------
[INFO] Scanning for projects...
[INFO] 
[INFO] ----------------------< com.mycompany.app:my-app >----------------------
[INFO] Building my-app 1.0-SNAPSHOT
[INFO]   from pom.xml
[INFO] --------------------------------[ jar ]---------------------------------
[INFO] 
[INFO] --- enforcer:3.4.1:enforce (enforce-maven) @ my-app ---
[INFO] 
[INFO] --- clean:3.2.0:clean (default-clean) @ my-app ---
[INFO] Deleting /home/jenkins/workspace/multi-build_PR-26/lesson26/app_jenkins/target
[INFO] 
[INFO] --- enforcer:3.4.1:enforce (enforce-maven) @ my-app ---
[INFO] Rule 0: org.apache.maven.enforcer.rules.version.RequireMavenVersion passed
[INFO] Rule 1: org.apache.maven.enforcer.rules.version.RequireJavaVersion passed
[INFO] 
[INFO] --- resources:3.3.0:resources (default-resources) @ my-app ---
[INFO] Rule 0: org.apache.maven.enforcer.rules.version.RequireMavenVersion passed
[INFO] Rule 1: org.apache.maven.enforcer.rules.version.RequireJavaVersion passed
[INFO] 
[INFO] --- resources:3.3.0:resources (default-resources) @ my-app ---
[INFO] skip non existing resourceDirectory /home/jenkins/workspace/multi-build_PR-26/lesson26/app_jenkins/src/main/resources
[INFO] 
[INFO] --- compiler:3.13.0:compile (default-compile) @ my-app ---
[INFO] skip non existing resourceDirectory /home/jenkins/workspace/multi-build_PR-26/lesson26/app_jenkins/src/main/resources
[INFO] 
[INFO] --- compiler:3.13.0:compile (default-compile) @ my-app ---
[INFO] Recompiling the module because of changed source code.
[INFO] Compiling 1 source file with javac [debug release 11] to target/classes
[INFO] Recompiling the module because of changed source code.
[INFO] Compiling 1 source file with javac [debug release 11] to target/classes
[INFO] 
[INFO] --- resources:3.3.0:testResources (default-testResources) @ my-app ---
[INFO] skip non existing resourceDirectory /home/jenkins/workspace/multi-build_PR-26/lesson26/app_jenkins/src/test/resources
[INFO] 
[INFO] --- compiler:3.13.0:testCompile (default-testCompile) @ my-app ---
[INFO] Recompiling the module because of changed dependency.
[INFO] Compiling 1 source file with javac [debug release 11] to target/test-classes
[INFO] 
[INFO] --- surefire:3.0.0-M8:test (default-test) @ my-app ---
[INFO] 
[INFO] --- resources:3.3.0:testResources (default-testResources) @ my-app ---
[INFO] skip non existing resourceDirectory /home/jenkins/workspace/multi-build_PR-26/lesson26/app_jenkins/src/test/resources
[INFO] 
[INFO] --- compiler:3.13.0:testCompile (default-testCompile) @ my-app ---
[INFO] Recompiling the module because of changed dependency.
[INFO] Compiling 1 source file with javac [debug release 11] to target/test-classes
[INFO] 
[INFO] --- surefire:3.0.0-M8:test (default-test) @ my-app ---
[INFO] Using auto detected provider org.apache.maven.surefire.junitplatform.JUnitPlatformProvider
[INFO] Tests are skipped.
[INFO] 
[INFO] --- jar:3.4.1:jar (default-jar) @ my-app ---
[INFO] 
[INFO] -------------------------------------------------------
[INFO]  T E S T S
[INFO] -------------------------------------------------------
[INFO] Building jar: /home/jenkins/workspace/multi-build_PR-26/lesson26/app_jenkins/target/my-app-1.0-SNAPSHOT.jar
[INFO] ------------------------------------------------------------------------
[INFO] BUILD SUCCESS
[INFO] ------------------------------------------------------------------------
[INFO] Total time:  6.086 s
[INFO] Finished at: 2024-05-29T19:48:16Z
[INFO] ------------------------------------------------------------------------
[Pipeline] }
[Pipeline] // dir
[Pipeline] }
[Pipeline] // stage
[Pipeline] }
[INFO] Running com.mycompany.app.AppTest
[INFO] Tests run: 2, Failures: 0, Errors: 0, Skipped: 0, Time elapsed: 0.104 s - in com.mycompany.app.AppTest
[INFO] 
[INFO] Results:
[INFO] 
[INFO] Tests run: 2, Failures: 0, Errors: 0, Skipped: 0
[INFO] 
[INFO] ------------------------------------------------------------------------
[INFO] BUILD SUCCESS
[INFO] ------------------------------------------------------------------------
[INFO] Total time:  6.863 s
[INFO] Finished at: 2024-05-29T19:48:17Z
[INFO] ------------------------------------------------------------------------
[Pipeline] }
[Pipeline] // dir
Post stage
[Pipeline] junit
Recording test results
[Checks API] No suitable checks publisher found.
[Pipeline] }
[Pipeline] // stage
[Pipeline] }
[Pipeline] // parallel
[Pipeline] }
[Pipeline] // stage
[Pipeline] stage
[Pipeline] { (Build and Test App2)
[Pipeline] parallel
[Pipeline] { (Branch: Build App2)
[Pipeline] { (Branch: Test App2)
[Pipeline] stage
[Pipeline] { (Build App2)
[Pipeline] stage
[Pipeline] { (Test App2)
[Pipeline] dir
Running in /home/jenkins/workspace/multi-build_PR-26/lesson26/app_devops
[Pipeline] {
[Pipeline] dir
Running in /home/jenkins/workspace/multi-build_PR-26/lesson26/app_devops
[Pipeline] {
[Pipeline] sh
[Pipeline] sh
+ mvn -B -DskipTests clean package
+ mvn test
[INFO] Scanning for projects...
[INFO] Scanning for projects...
[INFO] 
[INFO] ----------------------< com.mycompany.app:my-app >----------------------
[INFO] Building my-app 1.0-SNAPSHOT
[INFO]   from pom.xml
[INFO] --------------------------------[ jar ]---------------------------------
[INFO] 
[INFO] ----------------------< com.mycompany.app:my-app >----------------------
[INFO] Building my-app 1.0-SNAPSHOT
[INFO]   from pom.xml
[INFO] --------------------------------[ jar ]---------------------------------
[INFO] 
[INFO] --- enforcer:3.4.1:enforce (enforce-maven) @ my-app ---
[INFO] 
[INFO] --- clean:3.2.0:clean (default-clean) @ my-app ---
[INFO] 
[INFO] --- enforcer:3.4.1:enforce (enforce-maven) @ my-app ---
[INFO] Rule 0: org.apache.maven.enforcer.rules.version.RequireMavenVersion passed
[INFO] Rule 1: org.apache.maven.enforcer.rules.version.RequireJavaVersion passed
[INFO] 
[INFO] --- resources:3.3.0:resources (default-resources) @ my-app ---
[INFO] Rule 0: org.apache.maven.enforcer.rules.version.RequireMavenVersion passed
[INFO] Rule 1: org.apache.maven.enforcer.rules.version.RequireJavaVersion passed
[INFO] 
[INFO] --- resources:3.3.0:resources (default-resources) @ my-app ---
[INFO] skip non existing resourceDirectory /home/jenkins/workspace/multi-build_PR-26/lesson26/app_devops/src/main/resources
[INFO] 
[INFO] --- compiler:3.13.0:compile (default-compile) @ my-app ---
[INFO] skip non existing resourceDirectory /home/jenkins/workspace/multi-build_PR-26/lesson26/app_devops/src/main/resources
[INFO] 
[INFO] --- compiler:3.13.0:compile (default-compile) @ my-app ---
[INFO] Recompiling the module because of changed source code.
[INFO] Compiling 1 source file with javac [debug release 11] to target/classes
[INFO] Recompiling the module because of changed source code.
[INFO] Compiling 1 source file with javac [debug release 11] to target/classes
[INFO] 
[INFO] --- resources:3.3.0:testResources (default-testResources) @ my-app ---
[INFO] skip non existing resourceDirectory /home/jenkins/workspace/multi-build_PR-26/lesson26/app_devops/src/test/resources
[INFO] 
[INFO] --- compiler:3.13.0:testCompile (default-testCompile) @ my-app ---
[INFO] Recompiling the module because of changed dependency.
[INFO] Compiling 1 source file with javac [debug release 11] to target/test-classes
[INFO] 
[INFO] --- surefire:3.0.0-M8:test (default-test) @ my-app ---
[INFO] 
[INFO] --- resources:3.3.0:testResources (default-testResources) @ my-app ---
[INFO] skip non existing resourceDirectory /home/jenkins/workspace/multi-build_PR-26/lesson26/app_devops/src/test/resources
[INFO] 
[INFO] --- compiler:3.13.0:testCompile (default-testCompile) @ my-app ---
[INFO] Recompiling the module because of changed dependency.
[INFO] Compiling 1 source file with javac [debug release 11] to target/test-classes
[INFO] 
[INFO] --- surefire:3.0.0-M8:test (default-test) @ my-app ---
[INFO] Tests are skipped.
[INFO] 
[INFO] --- jar:3.4.1:jar (default-jar) @ my-app ---
[INFO] Using auto detected provider org.apache.maven.surefire.junitplatform.JUnitPlatformProvider
[INFO] 
[INFO] -------------------------------------------------------
[INFO]  T E S T S
[INFO] -------------------------------------------------------
[INFO] Building jar: /home/jenkins/workspace/multi-build_PR-26/lesson26/app_devops/target/my-app-1.0-SNAPSHOT.jar
[INFO] ------------------------------------------------------------------------
[INFO] BUILD SUCCESS
[INFO] ------------------------------------------------------------------------
[INFO] Total time:  5.859 s
[INFO] Finished at: 2024-05-29T19:48:27Z
[INFO] ------------------------------------------------------------------------
[Pipeline] }
[Pipeline] // dir
[Pipeline] }
[Pipeline] // stage
[Pipeline] }
[INFO] Running com.mycompany.app.AppTest
[INFO] Tests run: 2, Failures: 0, Errors: 0, Skipped: 0, Time elapsed: 0.124 s - in com.mycompany.app.AppTest
[INFO] 
[INFO] Results:
[INFO] 
[INFO] Tests run: 2, Failures: 0, Errors: 0, Skipped: 0
[INFO] 
[INFO] ------------------------------------------------------------------------
[INFO] BUILD SUCCESS
[INFO] ------------------------------------------------------------------------
[INFO] Total time:  6.962 s
[INFO] Finished at: 2024-05-29T19:48:28Z
[INFO] ------------------------------------------------------------------------
[Pipeline] }
[Pipeline] // dir
Post stage
[Pipeline] junit
Recording test results
[Checks API] No suitable checks publisher found.
[Pipeline] }
[Pipeline] // stage
[Pipeline] }
[Pipeline] // parallel
[Pipeline] }
[Pipeline] // stage
[Pipeline] stage
[Pipeline] { (Build and Test App3)
[Pipeline] parallel
[Pipeline] { (Branch: Build App3)
[Pipeline] { (Branch: Test App3)
[Pipeline] stage
[Pipeline] { (Build App3)
[Pipeline] stage
[Pipeline] { (Test App3)
[Pipeline] dir
Running in /home/jenkins/workspace/multi-build_PR-26/lesson26/app_world
[Pipeline] {
[Pipeline] dir
Running in /home/jenkins/workspace/multi-build_PR-26/lesson26/app_world
[Pipeline] {
[Pipeline] sh
[Pipeline] sh
+ mvn -B -DskipTests clean package
+ mvn test
[INFO] Scanning for projects...
[INFO] 
[INFO] ----------------------< com.mycompany.app:my-app >----------------------
[INFO] Building my-app 1.0-SNAPSHOT
[INFO]   from pom.xml
[INFO] --------------------------------[ jar ]---------------------------------
[INFO] Scanning for projects...
[INFO] 
[INFO] ----------------------< com.mycompany.app:my-app >----------------------
[INFO] Building my-app 1.0-SNAPSHOT
[INFO]   from pom.xml
[INFO] --------------------------------[ jar ]---------------------------------
[INFO] 
[INFO] --- enforcer:3.4.1:enforce (enforce-maven) @ my-app ---
[INFO] 
[INFO] --- clean:3.2.0:clean (default-clean) @ my-app ---
[INFO] 
[INFO] --- enforcer:3.4.1:enforce (enforce-maven) @ my-app ---
[INFO] Rule 0: org.apache.maven.enforcer.rules.version.RequireMavenVersion passed
[INFO] Rule 1: org.apache.maven.enforcer.rules.version.RequireJavaVersion passed
[INFO] 
[INFO] --- resources:3.3.0:resources (default-resources) @ my-app ---
[INFO] Rule 0: org.apache.maven.enforcer.rules.version.RequireMavenVersion passed
[INFO] Rule 1: org.apache.maven.enforcer.rules.version.RequireJavaVersion passed
[INFO] 
[INFO] --- resources:3.3.0:resources (default-resources) @ my-app ---
[INFO] skip non existing resourceDirectory /home/jenkins/workspace/multi-build_PR-26/lesson26/app_world/src/main/resources
[INFO] 
[INFO] --- compiler:3.13.0:compile (default-compile) @ my-app ---
[INFO] skip non existing resourceDirectory /home/jenkins/workspace/multi-build_PR-26/lesson26/app_world/src/main/resources
[INFO] 
[INFO] --- compiler:3.13.0:compile (default-compile) @ my-app ---
[INFO] Recompiling the module because of changed source code.
[INFO] Compiling 1 source file with javac [debug release 11] to target/classes
[INFO] Recompiling the module because of changed source code.
[INFO] Compiling 1 source file with javac [debug release 11] to target/classes
[INFO] 
[INFO] --- resources:3.3.0:testResources (default-testResources) @ my-app ---
[INFO] skip non existing resourceDirectory /home/jenkins/workspace/multi-build_PR-26/lesson26/app_world/src/test/resources
[INFO] 
[INFO] --- compiler:3.13.0:testCompile (default-testCompile) @ my-app ---
[INFO] Recompiling the module because of changed dependency.
[INFO] Compiling 1 source file with javac [debug release 11] to target/test-classes
[INFO] 
[INFO] --- surefire:3.0.0-M8:test (default-test) @ my-app ---
[INFO] 
[INFO] --- resources:3.3.0:testResources (default-testResources) @ my-app ---
[INFO] skip non existing resourceDirectory /home/jenkins/workspace/multi-build_PR-26/lesson26/app_world/src/test/resources
[INFO] 
[INFO] --- compiler:3.13.0:testCompile (default-testCompile) @ my-app ---
[INFO] Recompiling the module because of changed dependency.
[INFO] Compiling 1 source file with javac [debug release 11] to target/test-classes
[INFO] 
[INFO] --- surefire:3.0.0-M8:test (default-test) @ my-app ---
[INFO] Using auto detected provider org.apache.maven.surefire.junitplatform.JUnitPlatformProvider
[INFO] Tests are skipped.
[INFO] 
[INFO] --- jar:3.4.1:jar (default-jar) @ my-app ---
[INFO] 
[INFO] -------------------------------------------------------
[INFO]  T E S T S
[INFO] -------------------------------------------------------
[INFO] Building jar: /home/jenkins/workspace/multi-build_PR-26/lesson26/app_world/target/my-app-1.0-SNAPSHOT.jar
[INFO] ------------------------------------------------------------------------
[INFO] BUILD SUCCESS
[INFO] ------------------------------------------------------------------------
[INFO] Total time:  4.743 s
[INFO] Finished at: 2024-05-29T19:48:37Z
[INFO] ------------------------------------------------------------------------
[Pipeline] }
[Pipeline] // dir
[Pipeline] }
[Pipeline] // stage
[Pipeline] }
[INFO] Running com.mycompany.app.AppTest
[INFO] Tests run: 2, Failures: 0, Errors: 0, Skipped: 0, Time elapsed: 0.13 s - in com.mycompany.app.AppTest
[INFO] 
[INFO] Results:
[INFO] 
[INFO] Tests run: 2, Failures: 0, Errors: 0, Skipped: 0
[INFO] 
[INFO] ------------------------------------------------------------------------
[INFO] BUILD SUCCESS
[INFO] ------------------------------------------------------------------------
[INFO] Total time:  5.586 s
[INFO] Finished at: 2024-05-29T19:48:38Z
[INFO] ------------------------------------------------------------------------
[Pipeline] }
[Pipeline] // dir
Post stage
[Pipeline] junit
Recording test results
[Checks API] No suitable checks publisher found.
[Pipeline] }
[Pipeline] // stage
[Pipeline] }
[Pipeline] // parallel
[Pipeline] }
[Pipeline] // stage
[Pipeline] stage
[Pipeline] { (Deliver App1)
[Pipeline] dir
Running in /home/jenkins/workspace/multi-build_PR-26/lesson26/app_jenkins
[Pipeline] {
[Pipeline] sh
+ chmod +x ./jenkins/scripts/deliver.sh
[Pipeline] sh
+ ./jenkins/scripts/deliver.sh
The following Maven command installs your Maven-built Java application
into the local Maven repository, which will ultimately be stored in
Jenkinss local Maven repository (and the "maven-repository" Docker data
volume).
+ mvn jar:jar install:install help:evaluate -Dexpression=project.name
[INFO] Scanning for projects...
Downloading from central: https://repo.maven.apache.org/maven2/org/apache/maven/plugins/maven-install-plugin/3.1.0/maven-install-plugin-3.1.0.pom
Progress (1): 1.4/7.8 kB
Progress (1): 2.8/7.8 kB
Progress (1): 4.1/7.8 kB
Progress (1): 5.5/7.8 kB
Progress (1): 6.9/7.8 kB
Progress (1): 7.8 kB    
                    
Downloaded from central: https://repo.maven.apache.org/maven2/org/apache/maven/plugins/maven-install-plugin/3.1.0/maven-install-plugin-3.1.0.pom (7.8 kB at 10 kB/s)
Downloading from central: https://repo.maven.apache.org/maven2/org/apache/maven/plugins/maven-plugins/37/maven-plugins-37.pom
Progress (1): 1.4/9.9 kB
Progress (1): 2.8/9.9 kB
Progress (1): 4.1/9.9 kB
Progress (1): 5.5/9.9 kB
Progress (1): 6.9/9.9 kB
Progress (1): 8.3/9.9 kB
Progress (1): 9.7/9.9 kB
Progress (1): 9.9 kB    
                    
Downloaded from central: https://repo.maven.apache.org/maven2/org/apache/maven/plugins/maven-plugins/37/maven-plugins-37.pom (9.9 kB at 93 kB/s)
Downloading from central: https://repo.maven.apache.org/maven2/org/apache/maven/maven-parent/37/maven-parent-37.pom
Progress (1): 1.4/46 kB
Progress (1): 2.8/46 kB
Progress (1): 4.1/46 kB
Progress (1): 5.5/46 kB
Progress (1): 6.9/46 kB
Progress (1): 8.3/46 kB
Progress (1): 9.7/46 kB
Progress (1): 11/46 kB 
Progress (1): 12/46 kB
Progress (1): 14/46 kB
Progress (1): 15/46 kB
Progress (1): 17/46 kB
Progress (1): 18/46 kB
Progress (1): 19/46 kB
Progress (1): 21/46 kB
Progress (1): 22/46 kB
Progress (1): 23/46 kB
Progress (1): 25/46 kB
Progress (1): 26/46 kB
Progress (1): 28/46 kB
Progress (1): 29/46 kB
Progress (1): 30/46 kB
Progress (1): 32/46 kB
Progress (1): 33/46 kB
Progress (1): 34/46 kB
Progress (1): 36/46 kB
Progress (1): 37/46 kB
Progress (1): 39/46 kB
Progress (1): 40/46 kB
Progress (1): 41/46 kB
Progress (1): 43/46 kB
Progress (1): 44/46 kB
Progress (1): 46/46 kB
Progress (1): 46 kB   
                   
Downloaded from central: https://repo.maven.apache.org/maven2/org/apache/maven/maven-parent/37/maven-parent-37.pom (46 kB at 407 kB/s)
Downloading from central: https://repo.maven.apache.org/maven2/org/apache/apache/27/apache-27.pom
Progress (1): 16/20 kB
Progress (1): 20 kB   
                   
Downloaded from central: https://repo.maven.apache.org/maven2/org/apache/apache/27/apache-27.pom (20 kB at 299 kB/s)
Downloading from central: https://repo.maven.apache.org/maven2/org/apache/maven/plugins/maven-install-plugin/3.1.0/maven-install-plugin-3.1.0.jar
Progress (1): 16/30 kB
Progress (1): 30 kB   
                   
Downloaded from central: https://repo.maven.apache.org/maven2/org/apache/maven/plugins/maven-install-plugin/3.1.0/maven-install-plugin-3.1.0.jar (30 kB at 452 kB/s)
Downloading from central: https://repo.maven.apache.org/maven2/org/apache/maven/plugins/maven-deploy-plugin/3.0.0/maven-deploy-plugin-3.0.0.pom
Progress (1): 8.5 kB
                    
Downloaded from central: https://repo.maven.apache.org/maven2/org/apache/maven/plugins/maven-deploy-plugin/3.0.0/maven-deploy-plugin-3.0.0.pom (8.5 kB at 137 kB/s)
Downloading from central: https://repo.maven.apache.org/maven2/org/apache/maven/plugins/maven-deploy-plugin/3.0.0/maven-deploy-plugin-3.0.0.jar
Progress (1): 16/37 kB
Progress (1): 33/37 kB
Progress (1): 37 kB   
                   
Downloaded from central: https://repo.maven.apache.org/maven2/org/apache/maven/plugins/maven-deploy-plugin/3.0.0/maven-deploy-plugin-3.0.0.jar (37 kB at 337 kB/s)
Downloading from central: https://repo.maven.apache.org/maven2/org/apache/maven/plugins/maven-site-plugin/3.12.1/maven-site-plugin-3.12.1.pom
Progress (1): 16/20 kB
Progress (1): 20 kB   
                   
Downloaded from central: https://repo.maven.apache.org/maven2/org/apache/maven/plugins/maven-site-plugin/3.12.1/maven-site-plugin-3.12.1.pom (20 kB at 337 kB/s)
Downloading from central: https://repo.maven.apache.org/maven2/org/apache/maven/plugins/maven-site-plugin/3.12.1/maven-site-plugin-3.12.1.jar
Progress (1): 16/119 kB
Progress (1): 33/119 kB
Progress (1): 49/119 kB
Progress (1): 66/119 kB
Progress (1): 82/119 kB
Progress (1): 98/119 kB
Progress (1): 115/119 kB
Progress (1): 119 kB    
                    
Downloaded from central: https://repo.maven.apache.org/maven2/org/apache/maven/plugins/maven-site-plugin/3.12.1/maven-site-plugin-3.12.1.jar (119 kB at 803 kB/s)
Downloading from central: https://repo.maven.apache.org/maven2/org/apache/maven/plugins/maven-antrun-plugin/1.3/maven-antrun-plugin-1.3.pom
Progress (1): 4.7 kB
                    
Downloaded from central: https://repo.maven.apache.org/maven2/org/apache/maven/plugins/maven-antrun-plugin/1.3/maven-antrun-plugin-1.3.pom (4.7 kB at 48 kB/s)
Downloading from central: https://repo.maven.apache.org/maven2/org/apache/maven/plugins/maven-plugins/12/maven-plugins-12.pom
Progress (1): 12 kB
                   
Downloaded from central: https://repo.maven.apache.org/maven2/org/apache/maven/plugins/maven-plugins/12/maven-plugins-12.pom (12 kB at 218 kB/s)
Downloading from central: https://repo.maven.apache.org/maven2/org/apache/maven/maven-parent/9/maven-parent-9.pom
Progress (1): 16/33 kB
Progress (1): 32/33 kB
Progress (1): 33 kB   
                   
Downloaded from central: https://repo.maven.apache.org/maven2/org/apache/maven/maven-parent/9/maven-parent-9.pom (33 kB at 586 kB/s)
Downloading from central: https://repo.maven.apache.org/maven2/org/apache/apache/4/apache-4.pom
Progress (1): 4.5 kB
                    
Downloaded from central: https://repo.maven.apache.org/maven2/org/apache/apache/4/apache-4.pom (4.5 kB at 43 kB/s)
Downloading from central: https://repo.maven.apache.org/maven2/org/apache/maven/plugins/maven-antrun-plugin/1.3/maven-antrun-plugin-1.3.jar
Progress (1): 16/24 kB
Progress (1): 24 kB   
                   
Downloaded from central: https://repo.maven.apache.org/maven2/org/apache/maven/plugins/maven-antrun-plugin/1.3/maven-antrun-plugin-1.3.jar (24 kB at 421 kB/s)
Downloading from central: https://repo.maven.apache.org/maven2/org/apache/maven/plugins/maven-assembly-plugin/2.2-beta-5/maven-assembly-plugin-2.2-beta-5.pom
Progress (1): 15 kB
                   
Downloaded from central: https://repo.maven.apache.org/maven2/org/apache/maven/plugins/maven-assembly-plugin/2.2-beta-5/maven-assembly-plugin-2.2-beta-5.pom (15 kB at 297 kB/s)
Downloading from central: https://repo.maven.apache.org/maven2/org/apache/maven/plugins/maven-plugins/16/maven-plugins-16.pom
Progress (1): 13 kB
                   
Downloaded from central: https://repo.maven.apache.org/maven2/org/apache/maven/plugins/maven-plugins/16/maven-plugins-16.pom (13 kB at 136 kB/s)
Downloading from central: https://repo.maven.apache.org/maven2/org/apache/maven/maven-parent/15/maven-parent-15.pom
Progress (1): 16/24 kB
Progress (1): 24 kB   
                   
Downloaded from central: https://repo.maven.apache.org/maven2/org/apache/maven/maven-parent/15/maven-parent-15.pom (24 kB at 444 kB/s)
Downloading from central: https://repo.maven.apache.org/maven2/org/apache/apache/6/apache-6.pom
Progress (1): 13 kB
                   
Downloaded from central: https://repo.maven.apache.org/maven2/org/apache/apache/6/apache-6.pom (13 kB at 144 kB/s)
Downloading from central: https://repo.maven.apache.org/maven2/org/apache/maven/plugins/maven-assembly-plugin/2.2-beta-5/maven-assembly-plugin-2.2-beta-5.jar
Progress (1): 16/209 kB
Progress (1): 32/209 kB
Progress (1): 49/209 kB
Progress (1): 65/209 kB
Progress (1): 81/209 kB
Progress (1): 98/209 kB
Progress (1): 114/209 kB
Progress (1): 130/209 kB
Progress (1): 147/209 kB
Progress (1): 163/209 kB
Progress (1): 180/209 kB
Progress (1): 196/209 kB
Progress (1): 209 kB    
                    
Downloaded from central: https://repo.maven.apache.org/maven2/org/apache/maven/plugins/maven-assembly-plugin/2.2-beta-5/maven-assembly-plugin-2.2-beta-5.jar (209 kB at 1.2 MB/s)
Downloading from central: https://repo.maven.apache.org/maven2/org/apache/maven/plugins/maven-dependency-plugin/2.8/maven-dependency-plugin-2.8.pom
Progress (1): 11 kB
                   
Downloaded from central: https://repo.maven.apache.org/maven2/org/apache/maven/plugins/maven-dependency-plugin/2.8/maven-dependency-plugin-2.8.pom (11 kB at 229 kB/s)
Downloading from central: https://repo.maven.apache.org/maven2/org/apache/maven/plugins/maven-plugins/24/maven-plugins-24.pom
Progress (1): 11 kB
                   
Downloaded from central: https://repo.maven.apache.org/maven2/org/apache/maven/plugins/maven-plugins/24/maven-plugins-24.pom (11 kB at 106 kB/s)
Downloading from central: https://repo.maven.apache.org/maven2/org/apache/maven/plugins/maven-dependency-plugin/2.8/maven-dependency-plugin-2.8.jar
Progress (1): 16/153 kB
Progress (1): 32/153 kB
Progress (1): 49/153 kB
Progress (1): 65/153 kB
Progress (1): 81/153 kB
Progress (1): 98/153 kB
Progress (1): 114/153 kB
Progress (1): 130/153 kB
Progress (1): 147/153 kB
Progress (1): 153 kB    
                    
Downloaded from central: https://repo.maven.apache.org/maven2/org/apache/maven/plugins/maven-dependency-plugin/2.8/maven-dependency-plugin-2.8.jar (153 kB at 1.2 MB/s)
Downloading from central: https://repo.maven.apache.org/maven2/org/apache/maven/plugins/maven-release-plugin/2.5.3/maven-release-plugin-2.5.3.pom
Progress (1): 11 kB
                   
Downloaded from central: https://repo.maven.apache.org/maven2/org/apache/maven/plugins/maven-release-plugin/2.5.3/maven-release-plugin-2.5.3.pom (11 kB at 205 kB/s)
Downloading from central: https://repo.maven.apache.org/maven2/org/apache/maven/release/maven-release/2.5.3/maven-release-2.5.3.pom
Progress (1): 5.0 kB
                    
Downloaded from central: https://repo.maven.apache.org/maven2/org/apache/maven/release/maven-release/2.5.3/maven-release-2.5.3.pom (5.0 kB at 73 kB/s)
Downloading from central: https://repo.maven.apache.org/maven2/org/apache/maven/maven-parent/27/maven-parent-27.pom
Progress (1): 16/41 kB
Progress (1): 32/41 kB
Progress (1): 41 kB   
                   
Downloaded from central: https://repo.maven.apache.org/maven2/org/apache/maven/maven-parent/27/maven-parent-27.pom (41 kB at 646 kB/s)
Downloading from central: https://repo.maven.apache.org/maven2/org/apache/apache/17/apache-17.pom
Progress (1): 16 kB
                   
Downloaded from central: https://repo.maven.apache.org/maven2/org/apache/apache/17/apache-17.pom (16 kB at 272 kB/s)
Downloading from central: https://repo.maven.apache.org/maven2/org/apache/maven/plugins/maven-release-plugin/2.5.3/maven-release-plugin-2.5.3.jar
Progress (1): 16/53 kB
Progress (1): 33/53 kB
Progress (1): 49/53 kB
Progress (1): 53 kB   
                   
Downloaded from central: https://repo.maven.apache.org/maven2/org/apache/maven/plugins/maven-release-plugin/2.5.3/maven-release-plugin-2.5.3.jar (53 kB at 757 kB/s)
Downloading from central: https://repo.maven.apache.org/maven2/org/codehaus/mojo/maven-metadata.xml
Downloading from central: https://repo.maven.apache.org/maven2/org/apache/maven/plugins/maven-metadata.xml
Progress (1): 16/21 kB
Progress (1): 21 kB   
                   
Downloaded from central: https://repo.maven.apache.org/maven2/org/codehaus/mojo/maven-metadata.xml (21 kB at 356 kB/s)
Progress (1): 1.4/14 kB
Progress (1): 2.8/14 kB
Progress (1): 4.1/14 kB
Progress (1): 5.5/14 kB
Progress (1): 6.9/14 kB
Progress (1): 8.3/14 kB
Progress (1): 9.7/14 kB
Progress (1): 11/14 kB 
Progress (1): 12/14 kB
Progress (1): 14/14 kB
Progress (1): 14 kB   
                   
Downloaded from central: https://repo.maven.apache.org/maven2/org/apache/maven/plugins/maven-metadata.xml (14 kB at 44 kB/s)
Downloading from central: https://repo.maven.apache.org/maven2/org/apache/maven/plugins/maven-help-plugin/maven-metadata.xml
Progress (1): 714 B
                   
Downloaded from central: https://repo.maven.apache.org/maven2/org/apache/maven/plugins/maven-help-plugin/maven-metadata.xml (714 B at 11 kB/s)
Downloading from central: https://repo.maven.apache.org/maven2/org/apache/maven/plugins/maven-help-plugin/3.4.0/maven-help-plugin-3.4.0.pom
Progress (1): 1.4/9.7 kB
Progress (1): 2.8/9.7 kB
Progress (1): 4.1/9.7 kB
Progress (1): 5.5/9.7 kB
Progress (1): 6.9/9.7 kB
Progress (1): 8.3/9.7 kB
Progress (1): 9.7/9.7 kB
Progress (1): 9.7 kB    
                    
Downloaded from central: https://repo.maven.apache.org/maven2/org/apache/maven/plugins/maven-help-plugin/3.4.0/maven-help-plugin-3.4.0.pom (9.7 kB at 84 kB/s)
Downloading from central: https://repo.maven.apache.org/maven2/org/apache/maven/plugins/maven-plugins/39/maven-plugins-39.pom
Progress (1): 1.4/8.1 kB
Progress (1): 2.8/8.1 kB
Progress (1): 4.1/8.1 kB
Progress (1): 5.5/8.1 kB
Progress (1): 6.9/8.1 kB
Progress (1): 8.1 kB    
                    
Downloaded from central: https://repo.maven.apache.org/maven2/org/apache/maven/plugins/maven-plugins/39/maven-plugins-39.pom (8.1 kB at 135 kB/s)
Downloading from central: https://repo.maven.apache.org/maven2/org/apache/maven/plugins/maven-help-plugin/3.4.0/maven-help-plugin-3.4.0.jar
Progress (1): 1.4/64 kB
Progress (1): 2.8/64 kB
Progress (1): 4.1/64 kB
Progress (1): 5.5/64 kB
Progress (1): 6.9/64 kB
Progress (1): 8.3/64 kB
Progress (1): 9.7/64 kB
Progress (1): 11/64 kB 
Progress (1): 12/64 kB
Progress (1): 14/64 kB
Progress (1): 15/64 kB
Progress (1): 16/64 kB
Progress (1): 32/64 kB
Progress (1): 49/64 kB
Progress (1): 64 kB   
                   
Downloaded from central: https://repo.maven.apache.org/maven2/org/apache/maven/plugins/maven-help-plugin/3.4.0/maven-help-plugin-3.4.0.jar (64 kB at 459 kB/s)
[INFO] 
[INFO] ----------------------< com.mycompany.app:my-app >----------------------
[INFO] Building my-app 1.0-SNAPSHOT
[INFO]   from pom.xml
[INFO] --------------------------------[ jar ]---------------------------------
[INFO] 
[INFO] --- jar:3.4.1:jar (default-cli) @ my-app ---
[INFO] 
[INFO] --- install:3.1.0:install (default-cli) @ my-app ---
Downloading from central: https://repo.maven.apache.org/maven2/org/eclipse/aether/aether-api/1.0.0.v20140518/aether-api-1.0.0.v20140518.jar
Progress (1): 16/136 kB
Progress (1): 32/136 kB
Progress (1): 49/136 kB
Progress (1): 65/136 kB
Progress (1): 81/136 kB
Progress (1): 98/136 kB
Progress (1): 114/136 kB
Progress (1): 130/136 kB
Progress (1): 136 kB    
                    
Downloaded from central: https://repo.maven.apache.org/maven2/org/eclipse/aether/aether-api/1.0.0.v20140518/aether-api-1.0.0.v20140518.jar (136 kB at 788 kB/s)
[INFO] Installing /home/jenkins/workspace/multi-build_PR-26/lesson26/app_jenkins/pom.xml to /home/jenkins/.m2/repository/com/mycompany/app/my-app/1.0-SNAPSHOT/my-app-1.0-SNAPSHOT.pom
[INFO] Installing /home/jenkins/workspace/multi-build_PR-26/lesson26/app_jenkins/target/my-app-1.0-SNAPSHOT.jar to /home/jenkins/.m2/repository/com/mycompany/app/my-app/1.0-SNAPSHOT/my-app-1.0-SNAPSHOT.jar
[INFO] 
[INFO] ----------------------< com.mycompany.app:my-app >----------------------
[INFO] Building my-app 1.0-SNAPSHOT
[INFO]   from pom.xml
[INFO] --------------------------------[ jar ]---------------------------------
[INFO] 
[INFO] --- help:3.4.0:evaluate (default-cli) @ my-app ---
Downloading from central: https://repo.maven.apache.org/maven2/org/apache/maven/plugin-tools/maven-plugin-tools-generators/3.7.0/maven-plugin-tools-generators-3.7.0.pom
Progress (1): 3.8 kB
                    
Downloaded from central: https://repo.maven.apache.org/maven2/org/apache/maven/plugin-tools/maven-plugin-tools-generators/3.7.0/maven-plugin-tools-generators-3.7.0.pom (3.8 kB at 28 kB/s)
Downloading from central: https://repo.maven.apache.org/maven2/org/apache/maven/plugin-tools/maven-plugin-tools/3.7.0/maven-plugin-tools-3.7.0.pom
Progress (1): 16/17 kB
Progress (1): 17 kB   
                   
Downloaded from central: https://repo.maven.apache.org/maven2/org/apache/maven/plugin-tools/maven-plugin-tools/3.7.0/maven-plugin-tools-3.7.0.pom (17 kB at 284 kB/s)
Downloading from central: https://repo.maven.apache.org/maven2/org/junit/junit-bom/5.9.1/junit-bom-5.9.1.pom
Progress (1): 5.6 kB
                    
Downloaded from central: https://repo.maven.apache.org/maven2/org/junit/junit-bom/5.9.1/junit-bom-5.9.1.pom (5.6 kB at 106 kB/s)
Downloading from central: https://repo.maven.apache.org/maven2/org/jsoup/jsoup/1.15.3/jsoup-1.15.3.pom
Progress (1): 13 kB
                   
Downloaded from central: https://repo.maven.apache.org/maven2/org/jsoup/jsoup/1.15.3/jsoup-1.15.3.pom (13 kB at 112 kB/s)
Downloading from central: https://repo.maven.apache.org/maven2/org/apache/maven/reporting/maven-reporting-api/3.1.1/maven-reporting-api-3.1.1.pom
Progress (1): 3.8 kB
                    
Downloaded from central: https://repo.maven.apache.org/maven2/org/apache/maven/reporting/maven-reporting-api/3.1.1/maven-reporting-api-3.1.1.pom (3.8 kB at 70 kB/s)
Downloading from central: https://repo.maven.apache.org/maven2/org/codehaus/plexus/plexus-interactivity-api/1.1/plexus-interactivity-api-1.1.pom
Progress (1): 823 B
                   
Downloaded from central: https://repo.maven.apache.org/maven2/org/codehaus/plexus/plexus-interactivity-api/1.1/plexus-interactivity-api-1.1.pom (823 B at 16 kB/s)
Downloading from central: https://repo.maven.apache.org/maven2/org/codehaus/plexus/plexus-interactivity/1.1/plexus-interactivity-1.1.pom
Progress (1): 1.7 kB
                    
Downloaded from central: https://repo.maven.apache.org/maven2/org/codehaus/plexus/plexus-interactivity/1.1/plexus-interactivity-1.1.pom (1.7 kB at 18 kB/s)
Downloading from central: https://repo.maven.apache.org/maven2/org/codehaus/plexus/plexus-components/6.5/plexus-components-6.5.pom
Progress (1): 2.7 kB
                    
Downloaded from central: https://repo.maven.apache.org/maven2/org/codehaus/plexus/plexus-components/6.5/plexus-components-6.5.pom (2.7 kB at 51 kB/s)
Downloading from central: https://repo.maven.apache.org/maven2/org/codehaus/plexus/plexus-utils/3.5.0/plexus-utils-3.5.0.pom
Progress (1): 8.0 kB
                    
Downloaded from central: https://repo.maven.apache.org/maven2/org/codehaus/plexus/plexus-utils/3.5.0/plexus-utils-3.5.0.pom (8.0 kB at 75 kB/s)
Downloading from central: https://repo.maven.apache.org/maven2/org/jdom/jdom2/2.0.6.1/jdom2-2.0.6.1.pom
Progress (1): 4.6 kB
                    
Downloaded from central: https://repo.maven.apache.org/maven2/org/jdom/jdom2/2.0.6.1/jdom2-2.0.6.1.pom (4.6 kB at 48 kB/s)
Downloading from central: https://repo.maven.apache.org/maven2/com/thoughtworks/xstream/xstream/1.4.20/xstream-1.4.20.pom
Progress (1): 16/25 kB
Progress (1): 25 kB   
                   
Downloaded from central: https://repo.maven.apache.org/maven2/com/thoughtworks/xstream/xstream/1.4.20/xstream-1.4.20.pom (25 kB at 251 kB/s)
Downloading from central: https://repo.maven.apache.org/maven2/com/thoughtworks/xstream/xstream-parent/1.4.20/xstream-parent-1.4.20.pom
Progress (1): 16/44 kB
Progress (1): 33/44 kB
Progress (1): 44 kB   
                   
Downloaded from central: https://repo.maven.apache.org/maven2/com/thoughtworks/xstream/xstream-parent/1.4.20/xstream-parent-1.4.20.pom (44 kB at 752 kB/s)
Downloading from central: https://repo.maven.apache.org/maven2/io/github/x-stream/mxparser/1.2.2/mxparser-1.2.2.pom
Progress (1): 16/24 kB
Progress (1): 24 kB   
                   
Downloaded from central: https://repo.maven.apache.org/maven2/io/github/x-stream/mxparser/1.2.2/mxparser-1.2.2.pom (24 kB at 398 kB/s)
Downloading from central: https://repo.maven.apache.org/maven2/xmlpull/xmlpull/1.1.3.1/xmlpull-1.1.3.1.pom
Progress (1): 386 B
                   
Downloaded from central: https://repo.maven.apache.org/maven2/xmlpull/xmlpull/1.1.3.1/xmlpull-1.1.3.1.pom (386 B at 7.9 kB/s)
Downloading from central: https://repo.maven.apache.org/maven2/org/apache/maven/plugin-tools/maven-plugin-tools-generators/3.7.0/maven-plugin-tools-generators-3.7.0.jar
Downloading from central: https://repo.maven.apache.org/maven2/org/jsoup/jsoup/1.15.3/jsoup-1.15.3.jar
Downloading from central: https://repo.maven.apache.org/maven2/org/apache/maven/reporting/maven-reporting-api/3.1.1/maven-reporting-api-3.1.1.jar
Downloading from central: https://repo.maven.apache.org/maven2/org/codehaus/plexus/plexus-interactivity-api/1.1/plexus-interactivity-api-1.1.jar
Downloading from central: https://repo.maven.apache.org/maven2/org/jdom/jdom2/2.0.6.1/jdom2-2.0.6.1.jar
Progress (1): 16/54 kB
Progress (2): 16/54 kB | 16/438 kB
Progress (2): 33/54 kB | 16/438 kB
Progress (2): 49/54 kB | 16/438 kB
Progress (2): 49/54 kB | 32/438 kB
Progress (2): 54 kB | 32/438 kB   
Progress (2): 54 kB | 49/438 kB
                               
Downloaded from central: https://repo.maven.apache.org/maven2/org/apache/maven/plugin-tools/maven-plugin-tools-generators/3.7.0/maven-plugin-tools-generators-3.7.0.jar (54 kB at 800 kB/s)
Downloading from central: https://repo.maven.apache.org/maven2/com/thoughtworks/xstream/xstream/1.4.20/xstream-1.4.20.jar
Progress (1): 65/438 kB
Progress (1): 81/438 kB
Progress (1): 98/438 kB
Progress (1): 114/438 kB
Progress (1): 131/438 kB
Progress (1): 147/438 kB
Progress (1): 163/438 kB
Progress (1): 180/438 kB
Progress (1): 196/438 kB
Progress (1): 212/438 kB
Progress (1): 229/438 kB
Progress (1): 245/438 kB
Progress (1): 262/438 kB
Progress (1): 278/438 kB
Progress (1): 294/438 kB
Progress (1): 311/438 kB
Progress (1): 327/438 kB
Progress (1): 344/438 kB
Progress (1): 360/438 kB
Progress (1): 376/438 kB
Progress (1): 393/438 kB
Progress (1): 402/438 kB
Progress (1): 418/438 kB
Progress (1): 435/438 kB
Progress (1): 438 kB    
                    
Downloaded from central: https://repo.maven.apache.org/maven2/org/jsoup/jsoup/1.15.3/jsoup-1.15.3.jar (438 kB at 3.5 MB/s)
Downloading from central: https://repo.maven.apache.org/maven2/io/github/x-stream/mxparser/1.2.2/mxparser-1.2.2.jar
Progress (1): 16/645 kB
Progress (1): 33/645 kB
Progress (1): 49/645 kB
Progress (1): 66/645 kB
Progress (1): 82/645 kB
Progress (1): 98/645 kB
Progress (1): 115/645 kB
Progress (1): 131/645 kB
Progress (1): 147/645 kB
Progress (2): 147/645 kB | 16/30 kB
Progress (2): 164/645 kB | 16/30 kB
Progress (2): 180/645 kB | 16/30 kB
Progress (2): 197/645 kB | 16/30 kB
Progress (2): 213/645 kB | 16/30 kB
Progress (2): 229/645 kB | 16/30 kB
Progress (2): 246/645 kB | 16/30 kB
Progress (2): 256/645 kB | 16/30 kB
Progress (2): 272/645 kB | 16/30 kB
Progress (2): 289/645 kB | 16/30 kB
Progress (2): 289/645 kB | 30 kB   
                                
Downloaded from central: https://repo.maven.apache.org/maven2/io/github/x-stream/mxparser/1.2.2/mxparser-1.2.2.jar (30 kB at 119 kB/s)
Downloading from central: https://repo.maven.apache.org/maven2/xmlpull/xmlpull/1.1.3.1/xmlpull-1.1.3.1.jar
Progress (1): 305/645 kB
Progress (1): 321/645 kB
Progress (1): 338/645 kB
Progress (1): 354/645 kB
Progress (1): 370/645 kB
Progress (1): 387/645 kB
Progress (1): 403/645 kB
Progress (1): 420/645 kB
Progress (1): 436/645 kB
Progress (1): 452/645 kB
Progress (1): 469/645 kB
Progress (1): 485/645 kB
Progress (1): 502/645 kB
Progress (1): 518/645 kB
Progress (1): 534/645 kB
Progress (2): 534/645 kB | 1.4/11 kB
Progress (2): 551/645 kB | 1.4/11 kB
Progress (2): 551/645 kB | 2.8/11 kB
Progress (2): 551/645 kB | 4.1/11 kB
Progress (2): 551/645 kB | 5.5/11 kB
Progress (2): 551/645 kB | 6.9/11 kB
Progress (2): 551/645 kB | 8.3/11 kB
Progress (2): 551/645 kB | 9.7/11 kB
Progress (2): 551/645 kB | 11 kB    
                                
Downloaded from central: https://repo.maven.apache.org/maven2/org/apache/maven/reporting/maven-reporting-api/3.1.1/maven-reporting-api-3.1.1.jar (11 kB at 34 kB/s)
Progress (1): 567/645 kB
Progress (1): 583/645 kB
Progress (2): 583/645 kB | 1.4/9.4 kB
Progress (2): 583/645 kB | 2.8/9.4 kB
Progress (2): 583/645 kB | 4.1/9.4 kB
Progress (2): 600/645 kB | 4.1/9.4 kB
Progress (2): 600/645 kB | 5.5/9.4 kB
Progress (2): 600/645 kB | 6.9/9.4 kB
Progress (2): 616/645 kB | 6.9/9.4 kB
Progress (2): 616/645 kB | 8.3/9.4 kB
Progress (2): 633/645 kB | 8.3/9.4 kB
Progress (3): 633/645 kB | 8.3/9.4 kB | 7.2 kB
                                              
Downloaded from central: https://repo.maven.apache.org/maven2/xmlpull/xmlpull/1.1.3.1/xmlpull-1.1.3.1.jar (7.2 kB at 21 kB/s)
Progress (2): 633/645 kB | 9.4 kB
                                 
Downloaded from central: https://repo.maven.apache.org/maven2/org/codehaus/plexus/plexus-interactivity-api/1.1/plexus-interactivity-api-1.1.jar (9.4 kB at 26 kB/s)
Progress (1): 645 kB
                    
Downloaded from central: https://repo.maven.apache.org/maven2/com/thoughtworks/xstream/xstream/1.4.20/xstream-1.4.20.jar (645 kB at 1.7 MB/s)
Progress (1): 16/328 kB
Progress (1): 33/328 kB
Progress (1): 49/328 kB
Progress (1): 66/328 kB
Progress (1): 82/328 kB
Progress (1): 98/328 kB
Progress (1): 115/328 kB
Progress (1): 131/328 kB
Progress (1): 147/328 kB
Progress (1): 164/328 kB
Progress (1): 180/328 kB
Progress (1): 197/328 kB
Progress (1): 213/328 kB
Progress (1): 229/328 kB
Progress (1): 246/328 kB
Progress (1): 262/328 kB
Progress (1): 279/328 kB
Progress (1): 295/328 kB
Progress (1): 311/328 kB
Progress (1): 328/328 kB
Progress (1): 328 kB    
                    
Downloaded from central: https://repo.maven.apache.org/maven2/org/jdom/jdom2/2.0.6.1/jdom2-2.0.6.1.jar (328 kB at 571 kB/s)
[INFO] No artifact parameter specified, using 'com.mycompany.app:my-app:jar:1.0-SNAPSHOT' as project.
[INFO] 
my-app
[INFO] ------------------------------------------------------------------------
[INFO] BUILD SUCCESS
[INFO] ------------------------------------------------------------------------
[INFO] Total time:  7.777 s
[INFO] Finished at: 2024-05-29T19:48:49Z
[INFO] ------------------------------------------------------------------------
+ set +x
The following command extracts the value of the <name/> element
within <project/> of your Java/Maven projects "pom.xml" file.
++ mvn -q -DforceStdout help:evaluate -Dexpression=project.name
+ NAME=my-app
+ set +x
The following command behaves similarly to the previous one but
extracts the value of the <version/> element within <project/> instead.
++ mvn -q -DforceStdout help:evaluate -Dexpression=project.version
+ VERSION=1.0-SNAPSHOT
+ set +x
The following command runs and outputs the execution of your Java
application (which Jenkins built using Maven) to the Jenkins UI.
+ java -jar target/my-app-1.0-SNAPSHOT.jar
Hello Jenkins!
[Pipeline] }
[Pipeline] // dir
[Pipeline] }
[Pipeline] // stage
[Pipeline] stage
[Pipeline] { (Deliver App2)
[Pipeline] dir
Running in /home/jenkins/workspace/multi-build_PR-26/lesson26/app_devops
[Pipeline] {
[Pipeline] sh
+ chmod +x ./jenkins/scripts/deliver.sh
[Pipeline] sh
+ ./jenkins/scripts/deliver.sh
The following Maven command installs your Maven-built Java application
into the local Maven repository, which will ultimately be stored in
Jenkinss local Maven repository (and the "maven-repository" Docker data
volume).
+ mvn jar:jar install:install help:evaluate -Dexpression=project.name
[INFO] Scanning for projects...
[INFO] 
[INFO] ----------------------< com.mycompany.app:my-app >----------------------
[INFO] Building my-app 1.0-SNAPSHOT
[INFO]   from pom.xml
[INFO] --------------------------------[ jar ]---------------------------------
[INFO] 
[INFO] --- jar:3.4.1:jar (default-cli) @ my-app ---
[INFO] 
[INFO] --- install:3.1.0:install (default-cli) @ my-app ---
[INFO] Installing /home/jenkins/workspace/multi-build_PR-26/lesson26/app_devops/pom.xml to /home/jenkins/.m2/repository/com/mycompany/app/my-app/1.0-SNAPSHOT/my-app-1.0-SNAPSHOT.pom
[INFO] Installing /home/jenkins/workspace/multi-build_PR-26/lesson26/app_devops/target/my-app-1.0-SNAPSHOT.jar to /home/jenkins/.m2/repository/com/mycompany/app/my-app/1.0-SNAPSHOT/my-app-1.0-SNAPSHOT.jar
[INFO] 
[INFO] ----------------------< com.mycompany.app:my-app >----------------------
[INFO] Building my-app 1.0-SNAPSHOT
[INFO]   from pom.xml
[INFO] --------------------------------[ jar ]---------------------------------
[INFO] 
[INFO] --- help:3.4.0:evaluate (default-cli) @ my-app ---
[INFO] No artifact parameter specified, using 'com.mycompany.app:my-app:jar:1.0-SNAPSHOT' as project.
[INFO] 
my-app
[INFO] ------------------------------------------------------------------------
[INFO] BUILD SUCCESS
[INFO] ------------------------------------------------------------------------
[INFO] Total time:  2.027 s
[INFO] Finished at: 2024-05-29T19:49:03Z
[INFO] ------------------------------------------------------------------------
+ set +x
The following command extracts the value of the <name/> element
within <project/> of your Java/Maven projects "pom.xml" file.
++ mvn -q -DforceStdout help:evaluate -Dexpression=project.name
+ NAME=my-app
+ set +x
The following command behaves similarly to the previous one but
extracts the value of the <version/> element within <project/> instead.
++ mvn -q -DforceStdout help:evaluate -Dexpression=project.version
+ VERSION=1.0-SNAPSHOT
+ set +x
The following command runs and outputs the execution of your Java
application (which Jenkins built using Maven) to the Jenkins UI.
+ java -jar target/my-app-1.0-SNAPSHOT.jar
Hello Devops!
[Pipeline] }
[Pipeline] // dir
[Pipeline] }
[Pipeline] // stage
[Pipeline] stage
[Pipeline] { (Deliver App3)
[Pipeline] dir
Running in /home/jenkins/workspace/multi-build_PR-26/lesson26/app_world
[Pipeline] {
[Pipeline] sh
+ chmod +x ./jenkins/scripts/deliver.sh
[Pipeline] sh
+ ./jenkins/scripts/deliver.sh
The following Maven command installs your Maven-built Java application
into the local Maven repository, which will ultimately be stored in
Jenkinss local Maven repository (and the "maven-repository" Docker data
volume).
+ mvn jar:jar install:install help:evaluate -Dexpression=project.name
[INFO] Scanning for projects...
[INFO] 
[INFO] ----------------------< com.mycompany.app:my-app >----------------------
[INFO] Building my-app 1.0-SNAPSHOT
[INFO]   from pom.xml
[INFO] --------------------------------[ jar ]---------------------------------
[INFO] 
[INFO] --- jar:3.4.1:jar (default-cli) @ my-app ---
[INFO] 
[INFO] --- install:3.1.0:install (default-cli) @ my-app ---
[INFO] Installing /home/jenkins/workspace/multi-build_PR-26/lesson26/app_world/pom.xml to /home/jenkins/.m2/repository/com/mycompany/app/my-app/1.0-SNAPSHOT/my-app-1.0-SNAPSHOT.pom
[INFO] Installing /home/jenkins/workspace/multi-build_PR-26/lesson26/app_world/target/my-app-1.0-SNAPSHOT.jar to /home/jenkins/.m2/repository/com/mycompany/app/my-app/1.0-SNAPSHOT/my-app-1.0-SNAPSHOT.jar
[INFO] 
[INFO] ----------------------< com.mycompany.app:my-app >----------------------
[INFO] Building my-app 1.0-SNAPSHOT
[INFO]   from pom.xml
[INFO] --------------------------------[ jar ]---------------------------------
[INFO] 
[INFO] --- help:3.4.0:evaluate (default-cli) @ my-app ---
[INFO] No artifact parameter specified, using 'com.mycompany.app:my-app:jar:1.0-SNAPSHOT' as project.
[INFO] 
my-app
[INFO] ------------------------------------------------------------------------
[INFO] BUILD SUCCESS
[INFO] ------------------------------------------------------------------------
[INFO] Total time:  1.975 s
[INFO] Finished at: 2024-05-29T19:49:17Z
[INFO] ------------------------------------------------------------------------
+ set +x
The following command extracts the value of the <name/> element
within <project/> of your Java/Maven projects "pom.xml" file.
++ mvn -q -DforceStdout help:evaluate -Dexpression=project.name
+ NAME=my-app
+ set +x
The following command behaves similarly to the previous one but
extracts the value of the <version/> element within <project/> instead.
++ mvn -q -DforceStdout help:evaluate -Dexpression=project.version
+ VERSION=1.0-SNAPSHOT
+ set +x
The following command runs and outputs the execution of your Java
application (which Jenkins built using Maven) to the Jenkins UI.
+ java -jar target/my-app-1.0-SNAPSHOT.jar
Hello World!
[Pipeline] }
[Pipeline] // dir
[Pipeline] }
[Pipeline] // stage
[Pipeline] }
[Pipeline] // withEnv
[Pipeline] }
[Pipeline] // withEnv
[Pipeline] }
[Pipeline] // node
[Pipeline] End of Pipeline
Finished: SUCCESS
